0 verbose cli /usr/local/bin/node /usr/local/bin/npm
1 info using npm@11.6.4
2 info using node@v24.11.1
3 silly config load:file:/usr/local/lib/node_modules/npm/npmrc
4 silly config load:file:/Users/param/Documents/Unclutr/frontend/.npmrc
5 silly config load:file:/Users/param/.npmrc
6 silly config load:file:/usr/local/etc/npmrc
7 verbose title npm list astro
8 verbose argv "list" "astro" "--json" "true" "--depth" "0"
9 verbose logfile logs-max:10 dir:/Users/param/Documents/Unclutr/.npm-cache/_logs/2026-02-09T22_13_06_521Z-
10 verbose logfile /Users/param/Documents/Unclutr/.npm-cache/_logs/2026-02-09T22_13_06_521Z-debug-0.log
11 silly logfile start cleaning logs, removing 1 files
12 silly packumentCache heap:4496293888 maxSize:1124073472 maxEntrySize:562036736
13 silly logfile done cleaning log files
14 verbose cwd /Users/param/Documents/Unclutr/frontend/node_modules
15 verbose os Darwin 25.2.0
16 verbose node v24.11.1
17 verbose npm  v11.6.4
18 verbose exit 1
19 verbose code 1
