0 verbose cli /usr/local/bin/node /usr/local/bin/npm
1 info using npm@11.6.4
2 info using node@v24.11.1
3 silly config load:file:/usr/local/lib/node_modules/npm/npmrc
4 silly config load:file:/Users/param/Documents/Unclutr/frontend/.npmrc
5 silly config load:file:/Users/param/.npmrc
6 silly config load:file:/usr/local/etc/npmrc
7 verbose title npm install papaparse @types/papaparse
8 verbose argv "install" "papaparse" "@types/papaparse" "--cache" ".npm-local-cache"
9 verbose logfile logs-max:10 dir:/Users/param/Documents/Unclutr/frontend/.npm-local-cache/_logs/2026-01-29T21_24_24_799Z-
10 verbose logfile /Users/param/Documents/Unclutr/frontend/.npm-local-cache/_logs/2026-01-29T21_24_24_799Z-debug-0.log
11 silly logfile done cleaning log files
12 silly packumentCache heap:4496293888 maxSize:1124073472 maxEntrySize:562036736
13 silly idealTree buildDeps
14 silly fetch manifest papaparse@^5.5.3
15 silly packumentCache full:https://registry.npmjs.org/papaparse cache-miss
16 http fetch GET 200 https://registry.npmjs.org/papaparse 417ms (cache miss)
17 silly packumentCache full:https://registry.npmjs.org/papaparse set size:undefined disposed:false
18 silly fetch manifest @types/papaparse@*
19 silly packumentCache full:https://registry.npmjs.org/@types%2fpapaparse cache-miss
20 http fetch GET 200 https://registry.npmjs.org/npm 838ms
21 http fetch GET 200 https://registry.npmjs.org/@types%2fpapaparse 458ms (cache miss)
22 silly packumentCache full:https://registry.npmjs.org/@types%2fpapaparse set size:undefined disposed:false
23 silly placeDep ROOT @types/papaparse@5.5.2 OK for: frontend@0.2.0 want: *
24 silly placeDep ROOT papaparse@5.5.3 REPLACE for: frontend@0.2.0 want: ^5.5.3
25 silly reify moves {}
26 silly audit bulk request {
26 silly audit   '@alloc/quick-lru': [ '5.2.0' ],
26 silly audit   '@apidevtools/json-schema-ref-parser': [ '14.2.1' ],
26 silly audit   '@apm-js-collab/code-transformer': [ '0.8.2' ],
26 silly audit   '@apm-js-collab/tracing-hooks': [ '0.3.1' ],
26 silly audit   '@babel/code-frame': [ '7.27.1' ],
26 silly audit   '@babel/compat-data': [ '7.28.5' ],
26 silly audit   '@babel/core': [ '7.28.5' ],
26 silly audit   '@babel/generator': [ '7.28.5' ],
26 silly audit   '@babel/helper-compilation-targets': [ '7.27.2' ],
26 silly audit   '@babel/helper-globals': [ '7.28.0' ],
26 silly audit   '@babel/helper-module-imports': [ '7.27.1' ],
26 silly audit   '@babel/helper-module-transforms': [ '7.28.3' ],
26 silly audit   '@babel/helper-string-parser': [ '7.27.1' ],
26 silly audit   '@babel/helper-validator-identifier': [ '7.28.5' ],
26 silly audit   '@babel/helper-validator-option': [ '7.27.1' ],
26 silly audit   '@babel/helpers': [ '7.28.4' ],
26 silly audit   '@babel/parser': [ '7.28.5' ],
26 silly audit   '@babel/template': [ '7.27.2' ],
26 silly audit   '@babel/traverse': [ '7.28.5' ],
26 silly audit   '@babel/types': [ '7.28.5' ],
26 silly audit   '@emnapi/core': [ '1.7.1' ],
26 silly audit   '@emnapi/runtime': [ '1.7.1' ],
26 silly audit   '@emnapi/wasi-threads': [ '1.1.0' ],
26 silly audit   '@eslint-community/eslint-utils': [ '4.9.0' ],
26 silly audit   'eslint-visitor-keys': [ '3.4.3', '4.2.1' ],
26 silly audit   '@eslint-community/regexpp': [ '4.12.2' ],
26 silly audit   '@eslint/config-array': [ '0.21.1' ],
26 silly audit   '@eslint/config-helpers': [ '0.4.2' ],
26 silly audit   '@eslint/core': [ '0.17.0' ],
26 silly audit   '@eslint/eslintrc': [ '3.3.3' ],
26 silly audit   '@eslint/js': [ '9.39.2' ],
26 silly audit   '@eslint/object-schema': [ '2.1.7' ],
26 silly audit   '@eslint/plugin-kit': [ '0.4.1' ],
26 silly audit   '@firebase/ai': [ '2.6.1' ],
26 silly audit   '@firebase/analytics': [ '0.10.19' ],
26 silly audit   '@firebase/analytics-compat': [ '0.2.25' ],
26 silly audit   '@firebase/analytics-types': [ '0.8.3' ],
26 silly audit   '@firebase/app': [ '0.14.6' ],
26 silly audit   '@firebase/app-check': [ '0.11.0' ],
26 silly audit   '@firebase/app-check-compat': [ '0.4.0' ],
26 silly audit   '@firebase/app-check-interop-types': [ '0.3.3' ],
26 silly audit   '@firebase/app-check-types': [ '0.5.3' ],
26 silly audit   '@firebase/app-compat': [ '0.5.6' ],
26 silly audit   '@firebase/app-types': [ '0.9.3' ],
26 silly audit   '@firebase/auth': [ '1.12.0' ],
26 silly audit   '@firebase/auth-compat': [ '0.6.2' ],
26 silly audit   '@firebase/auth-interop-types': [ '0.2.4' ],
26 silly audit   '@firebase/auth-types': [ '0.13.0' ],
26 silly audit   '@firebase/component': [ '0.7.0' ],
26 silly audit   '@firebase/data-connect': [ '0.3.12' ],
26 silly audit   '@firebase/database': [ '1.1.0' ],
26 silly audit   '@firebase/database-compat': [ '2.1.0' ],
26 silly audit   '@firebase/database-types': [ '1.0.16' ],
26 silly audit   '@firebase/firestore': [ '4.9.3' ],
26 silly audit   '@firebase/firestore-compat': [ '0.4.3' ],
26 silly audit   '@firebase/firestore-types': [ '3.0.3' ],
26 silly audit   '@firebase/functions': [ '0.13.1' ],
26 silly audit   '@firebase/functions-compat': [ '0.4.1' ],
26 silly audit   '@firebase/functions-types': [ '0.6.3' ],
26 silly audit   '@firebase/installations': [ '0.6.19' ],
26 silly audit   '@firebase/installations-compat': [ '0.2.19' ],
26 silly audit   '@firebase/installations-types': [ '0.5.3' ],
26 silly audit   '@firebase/logger': [ '0.5.0' ],
26 silly audit   '@firebase/messaging': [ '0.12.23' ],
26 silly audit   '@firebase/messaging-compat': [ '0.2.23' ],
26 silly audit   '@firebase/messaging-interop-types': [ '0.2.3' ],
26 silly audit   '@firebase/performance': [ '0.7.9' ],
26 silly audit   '@firebase/performance-compat': [ '0.2.22' ],
26 silly audit   '@firebase/performance-types': [ '0.2.3' ],
26 silly audit   '@firebase/remote-config': [ '0.7.0' ],
26 silly audit   '@firebase/remote-config-compat': [ '0.2.20' ],
26 silly audit   '@firebase/remote-config-types': [ '0.5.0' ],
26 silly audit   '@firebase/storage': [ '0.14.0' ],
26 silly audit   '@firebase/storage-compat': [ '0.4.0' ],
26 silly audit   '@firebase/storage-types': [ '0.8.3' ],
26 silly audit   '@firebase/util': [ '1.13.0' ],
26 silly audit   '@firebase/webchannel-wrapper': [ '1.0.5' ],
26 silly audit   '@floating-ui/core': [ '1.7.3' ],
26 silly audit   '@floating-ui/dom': [ '1.7.4' ],
26 silly audit   '@floating-ui/react-dom': [ '2.1.6' ],
26 silly audit   '@floating-ui/utils': [ '0.2.10' ],
26 silly audit   '@grpc/grpc-js': [ '1.9.15' ],
26 silly audit   '@grpc/proto-loader': [ '0.7.15' ],
26 silly audit   '@humanfs/core': [ '0.19.1' ],
26 silly audit   '@humanfs/node': [ '0.16.7' ],
26 silly audit   '@humanwhocodes/module-importer': [ '1.0.1' ],
26 silly audit   '@humanwhocodes/retry': [ '0.4.3' ],
26 silly audit   '@img/colour': [ '1.0.0' ],
26 silly audit   '@img/sharp-darwin-arm64': [ '0.34.5' ],
26 silly audit   '@img/sharp-darwin-x64': [ '0.34.5' ],
26 silly audit   '@img/sharp-libvips-darwin-arm64': [ '1.2.4' ],
26 silly audit   '@img/sharp-libvips-darwin-x64': [ '1.2.4' ],
26 silly audit   '@img/sharp-libvips-linux-arm': [ '1.2.4' ],
26 silly audit   '@img/sharp-libvips-linux-arm64': [ '1.2.4' ],
26 silly audit   '@img/sharp-libvips-linux-ppc64': [ '1.2.4' ],
26 silly audit   '@img/sharp-libvips-linux-riscv64': [ '1.2.4' ],
26 silly audit   '@img/sharp-libvips-linux-s390x': [ '1.2.4' ],
26 silly audit   '@img/sharp-libvips-linux-x64': [ '1.2.4' ],
26 silly audit   '@img/sharp-libvips-linuxmusl-arm64': [ '1.2.4' ],
26 silly audit   '@img/sharp-libvips-linuxmusl-x64': [ '1.2.4' ],
26 silly audit   '@img/sharp-linux-arm': [ '0.34.5' ],
26 silly audit   '@img/sharp-linux-arm64': [ '0.34.5' ],
26 silly audit   '@img/sharp-linux-ppc64': [ '0.34.5' ],
26 silly audit   '@img/sharp-linux-riscv64': [ '0.34.5' ],
26 silly audit   '@img/sharp-linux-s390x': [ '0.34.5' ],
26 silly audit   '@img/sharp-linux-x64': [ '0.34.5' ],
26 silly audit   '@img/sharp-linuxmusl-arm64': [ '0.34.5' ],
26 silly audit   '@img/sharp-linuxmusl-x64': [ '0.34.5' ],
26 silly audit   '@img/sharp-wasm32': [ '0.34.5' ],
26 silly audit   '@img/sharp-win32-arm64': [ '0.34.5' ],
26 silly audit   '@img/sharp-win32-ia32': [ '0.34.5' ],
26 silly audit   '@img/sharp-win32-x64': [ '0.34.5' ],
26 silly audit   '@isaacs/cliui': [ '8.0.2' ],
26 silly audit   'ansi-regex': [ '6.2.2', '5.0.1' ],
26 silly audit   'ansi-styles': [ '6.2.3', '4.3.0' ],
26 silly audit   'string-width': [ '5.1.2', '4.2.3' ],
26 silly audit   'strip-ansi': [ '7.1.2', '6.0.1' ],
26 silly audit   'wrap-ansi': [ '8.1.0', '7.0.0' ],
26 silly audit   '@jridgewell/gen-mapping': [ '0.3.13' ],
26 silly audit   '@jridgewell/remapping': [ '2.3.5' ],
26 silly audit   '@jridgewell/resolve-uri': [ '3.1.2' ],
26 silly audit   '@jridgewell/source-map': [ '0.3.11' ],
26 silly audit   '@jridgewell/sourcemap-codec': [ '1.5.5' ],
26 silly audit   '@jridgewell/trace-mapping': [ '0.3.31' ],
26 silly audit   '@napi-rs/wasm-runtime': [ '0.2.12' ],
26 silly audit   '@next/env': [ '16.1.1' ],
26 silly audit   '@next/eslint-plugin-next': [ '16.1.1' ],
26 silly audit   '@next/swc-darwin-arm64': [ '16.1.1' ],
26 silly audit   '@next/swc-darwin-x64': [ '16.1.1' ],
26 silly audit   '@next/swc-linux-arm64-gnu': [ '16.1.1' ],
26 silly audit   '@next/swc-linux-arm64-musl': [ '16.1.1' ],
26 silly audit   '@next/swc-linux-x64-gnu': [ '16.1.1' ],
26 silly audit   '@next/swc-linux-x64-musl': [ '16.1.1' ],
26 silly audit   '@next/swc-win32-arm64-msvc': [ '16.1.1' ],
26 silly audit   '@next/swc-win32-x64-msvc': [ '16.1.1' ],
26 silly audit   '@nodelib/fs.scandir': [ '2.1.5' ],
26 silly audit   '@nodelib/fs.stat': [ '2.0.5' ],
26 silly audit   '@nodelib/fs.walk': [ '1.2.8' ],
26 silly audit   '@nolyfill/is-core-module': [ '1.0.39' ],
26 silly audit   '@opentelemetry/api': [ '1.9.0' ],
26 silly audit   '@opentelemetry/api-logs': [ '0.208.0' ],
26 silly audit   '@opentelemetry/context-async-hooks': [ '2.2.0' ],
26 silly audit   '@opentelemetry/core': [ '2.2.0' ],
26 silly audit   '@opentelemetry/instrumentation': [ '0.208.0' ],
26 silly audit   '@opentelemetry/instrumentation-amqplib': [ '0.55.0' ],
26 silly audit   '@opentelemetry/instrumentation-connect': [ '0.52.0' ],
26 silly audit   '@opentelemetry/instrumentation-dataloader': [ '0.26.0' ],
26 silly audit   '@opentelemetry/instrumentation-express': [ '0.57.0' ],
26 silly audit   '@opentelemetry/instrumentation-fs': [ '0.28.0' ],
26 silly audit   '@opentelemetry/instrumentation-generic-pool': [ '0.52.0' ],
26 silly audit   '@opentelemetry/instrumentation-graphql': [ '0.56.0' ],
26 silly audit   '@opentelemetry/instrumentation-hapi': [ '0.55.0' ],
26 silly audit   '@opentelemetry/instrumentation-http': [ '0.208.0' ],
26 silly audit   '@opentelemetry/instrumentation-ioredis': [ '0.56.0' ],
26 silly audit   '@opentelemetry/instrumentation-kafkajs': [ '0.18.0' ],
26 silly audit   '@opentelemetry/instrumentation-knex': [ '0.53.0' ],
26 silly audit   '@opentelemetry/instrumentation-koa': [ '0.57.0' ],
26 silly audit   '@opentelemetry/instrumentation-lru-memoizer': [ '0.53.0' ],
26 silly audit   '@opentelemetry/instrumentation-mongodb': [ '0.61.0' ],
26 silly audit   '@opentelemetry/instrumentation-mongoose': [ '0.55.0' ],
26 silly audit   '@opentelemetry/instrumentation-mysql': [ '0.54.0' ],
26 silly audit   '@opentelemetry/instrumentation-mysql2': [ '0.55.0' ],
26 silly audit   '@opentelemetry/instrumentation-pg': [ '0.61.0' ],
26 silly audit   '@opentelemetry/instrumentation-redis': [ '0.57.0' ],
26 silly audit   '@opentelemetry/instrumentation-tedious': [ '0.27.0' ],
26 silly audit   '@opentelemetry/instrumentation-undici': [ '0.19.0' ],
26 silly audit   '@opentelemetry/redis-common': [ '0.38.2' ],
26 silly audit   '@opentelemetry/resources': [ '2.2.0' ],
26 silly audit   '@opentelemetry/sdk-trace-base': [ '2.2.0' ],
26 silly audit   '@opentelemetry/semantic-conventions': [ '1.38.0' ],
26 silly audit   '@opentelemetry/sql-common': [ '0.41.2' ],
26 silly audit   '@pkgjs/parseargs': [ '0.11.0' ],
26 silly audit   '@prisma/instrumentation': [ '6.19.0' ],
26 silly audit   '@protobufjs/aspromise': [ '1.1.2' ],
26 silly audit   '@protobufjs/base64': [ '1.1.2' ],
26 silly audit   '@protobufjs/codegen': [ '2.0.4' ],
26 silly audit   '@protobufjs/eventemitter': [ '1.1.0' ],
26 silly audit   '@protobufjs/fetch': [ '1.1.0' ],
26 silly audit   '@protobufjs/float': [ '1.0.2' ],
26 silly audit   '@protobufjs/inquire': [ '1.1.0' ],
26 silly audit   '@protobufjs/path': [ '1.1.2' ],
26 silly audit   '@protobufjs/pool': [ '1.1.0' ],
26 silly audit   '@protobufjs/utf8': [ '1.1.0' ],
26 silly audit   '@radix-ui/number': [ '1.1.1' ],
26 silly audit   '@radix-ui/primitive': [ '1.1.3' ],
26 silly audit   '@radix-ui/react-alert-dialog': [ '1.1.15' ],
26 silly audit   '@radix-ui/react-slot': [ '1.2.3', '1.2.4' ],
26 silly audit   '@radix-ui/react-arrow': [ '1.1.7' ],
26 silly audit   '@radix-ui/react-avatar': [ '1.1.11' ],
26 silly audit   '@radix-ui/react-context': [ '1.1.3', '1.1.2' ],
26 silly audit   '@radix-ui/react-primitive': [ '2.1.4', '2.1.3' ],
26 silly audit   '@radix-ui/react-collapsible': [ '1.1.12' ],
26 silly audit   '@radix-ui/react-collection': [ '1.1.7' ],
26 silly audit   '@radix-ui/react-compose-refs': [ '1.1.2' ],
26 silly audit   '@radix-ui/react-dialog': [ '1.1.15' ],
26 silly audit   '@radix-ui/react-direction': [ '1.1.1' ],
26 silly audit   '@radix-ui/react-dismissable-layer': [ '1.1.11' ],
26 silly audit   '@radix-ui/react-dropdown-menu': [ '2.1.16' ],
26 silly audit   '@radix-ui/react-focus-guards': [ '1.1.3' ],
26 silly audit   '@radix-ui/react-focus-scope': [ '1.1.7' ],
26 silly audit   '@radix-ui/react-id': [ '1.1.1' ],
26 silly audit   '@radix-ui/react-label': [ '2.1.8' ],
26 silly audit   '@radix-ui/react-menu': [ '2.1.16' ],
26 silly audit   '@radix-ui/react-popover': [ '1.1.15' ],
26 silly audit   '@radix-ui/react-popper': [ '1.2.8' ],
26 silly audit   '@radix-ui/react-portal': [ '1.1.9' ],
26 silly audit   '@radix-ui/react-presence': [ '1.1.5' ],
26 silly audit   '@radix-ui/react-progress': [ '1.1.8' ],
26 silly audit   '@radix-ui/react-roving-focus': [ '1.1.11' ],
26 silly audit   '@radix-ui/react-scroll-area': [ '1.2.10' ],
26 silly audit   '@radix-ui/react-select': [ '2.2.6' ],
26 silly audit   '@radix-ui/react-separator': [ '1.1.8' ],
26 silly audit   '@radix-ui/react-slider': [ '1.3.6' ],
26 silly audit   '@radix-ui/react-use-callback-ref': [ '1.1.1' ],
26 silly audit   '@radix-ui/react-use-controllable-state': [ '1.2.2' ],
26 silly audit   '@radix-ui/react-use-effect-event': [ '0.0.2' ],
26 silly audit   '@radix-ui/react-use-escape-keydown': [ '1.1.1' ],
26 silly audit   '@radix-ui/react-use-is-hydrated': [ '0.1.0' ],
26 silly audit   '@radix-ui/react-use-layout-effect': [ '1.1.1' ],
26 silly audit   '@radix-ui/react-use-previous': [ '1.1.1' ],
26 silly audit   '@radix-ui/react-use-rect': [ '1.1.1' ],
26 silly audit   '@radix-ui/react-use-size': [ '1.1.1' ],
26 silly audit   '@radix-ui/react-visually-hidden': [ '1.2.3' ],
26 silly audit   '@radix-ui/rect': [ '1.1.1' ],
26 silly audit   '@reduxjs/toolkit': [ '2.11.2' ],
26 silly audit   immer: [ '11.1.3', '10.2.0' ],
26 silly audit   '@rollup/plugin-commonjs': [ '28.0.1' ],
26 silly audit   fdir: [ '6.5.0' ],
26 silly audit   picomatch: [ '4.0.3', '2.3.1' ],
26 silly audit   '@rollup/pluginutils': [ '5.3.0' ],
26 silly audit   '@rollup/rollup-android-arm-eabi': [ '4.54.0' ],
26 silly audit   '@rollup/rollup-android-arm64': [ '4.54.0' ],
26 silly audit   '@rollup/rollup-darwin-arm64': [ '4.54.0' ],
26 silly audit   '@rollup/rollup-darwin-x64': [ '4.54.0' ],
26 silly audit   '@rollup/rollup-freebsd-arm64': [ '4.54.0' ],
26 silly audit   '@rollup/rollup-freebsd-x64': [ '4.54.0' ],
26 silly audit   '@rollup/rollup-linux-arm-gnueabihf': [ '4.54.0' ],
26 silly audit   '@rollup/rollup-linux-arm-musleabihf': [ '4.54.0' ],
26 silly audit   '@rollup/rollup-linux-arm64-gnu': [ '4.54.0' ],
26 silly audit   '@rollup/rollup-linux-arm64-musl': [ '4.54.0' ],
26 silly audit   '@rollup/rollup-linux-loong64-gnu': [ '4.54.0' ],
26 silly audit   '@rollup/rollup-linux-ppc64-gnu': [ '4.54.0' ],
26 silly audit   '@rollup/rollup-linux-riscv64-gnu': [ '4.54.0' ],
26 silly audit   '@rollup/rollup-linux-riscv64-musl': [ '4.54.0' ],
26 silly audit   '@rollup/rollup-linux-s390x-gnu': [ '4.54.0' ],
26 silly audit   '@rollup/rollup-linux-x64-gnu': [ '4.54.0' ],
26 silly audit   '@rollup/rollup-linux-x64-musl': [ '4.54.0' ],
26 silly audit   '@rollup/rollup-openharmony-arm64': [ '4.54.0' ],
26 silly audit   '@rollup/rollup-win32-arm64-msvc': [ '4.54.0' ],
26 silly audit   '@rollup/rollup-win32-ia32-msvc': [ '4.54.0' ],
26 silly audit   '@rollup/rollup-win32-x64-gnu': [ '4.54.0' ],
26 silly audit   '@rollup/rollup-win32-x64-msvc': [ '4.54.0' ],
26 silly audit   '@rtsao/scc': [ '1.1.0' ],
26 silly audit   '@sentry-internal/browser-utils': [ '10.32.1' ],
26 silly audit   '@sentry-internal/feedback': [ '10.32.1' ],
26 silly audit   '@sentry-internal/replay': [ '10.32.1' ],
26 silly audit   '@sentry-internal/replay-canvas': [ '10.32.1' ],
26 silly audit   '@sentry/babel-plugin-component-annotate': [ '4.6.1' ],
26 silly audit   '@sentry/browser': [ '10.32.1' ],
26 silly audit   '@sentry/bundler-plugin-core': [ '4.6.1' ],
26 silly audit   'magic-string': [ '0.30.8', '0.30.21' ],
26 silly audit   '@sentry/cli': [ '2.58.4' ],
26 silly audit   '@sentry/cli-darwin': [ '2.58.4' ],
26 silly audit   '@sentry/cli-linux-arm': [ '2.58.4' ],
26 silly audit   '@sentry/cli-linux-arm64': [ '2.58.4' ],
26 silly audit   '@sentry/cli-linux-i686': [ '2.58.4' ],
26 silly audit   '@sentry/cli-linux-x64': [ '2.58.4' ],
26 silly audit   '@sentry/cli-win32-arm64': [ '2.58.4' ],
26 silly audit   '@sentry/cli-win32-i686': [ '2.58.4' ],
26 silly audit   '@sentry/cli-win32-x64': [ '2.58.4' ],
26 silly audit   '@sentry/core': [ '10.32.1' ],
26 silly audit   '@sentry/nextjs': [ '10.32.1' ],
26 silly audit   resolve: [ '1.22.8', '2.0.0-next.5', '1.22.11' ],
26 silly audit   '@sentry/node': [ '10.32.1' ],
26 silly audit   '@sentry/node-core': [ '10.32.1' ],
26 silly audit   'brace-expansion': [ '2.0.2', '1.1.12' ],
26 silly audit   minimatch: [ '9.0.5', '3.1.2' ],
26 silly audit   '@sentry/opentelemetry': [ '10.32.1' ],
26 silly audit   '@sentry/react': [ '10.32.1' ],
26 silly audit   '@sentry/vercel-edge': [ '10.32.1' ],
26 silly audit   '@sentry/webpack-plugin': [ '4.6.1' ],
26 silly audit   '@standard-schema/spec': [ '1.1.0' ],
26 silly audit   '@standard-schema/utils': [ '0.3.0' ],
26 silly audit   '@swc/helpers': [ '0.5.15' ],
26 silly audit   '@tailwindcss/node': [ '4.1.18' ],
26 silly audit   '@tailwindcss/oxide': [ '4.1.18' ],
26 silly audit   '@tailwindcss/oxide-android-arm64': [ '4.1.18' ],
26 silly audit   '@tailwindcss/oxide-darwin-arm64': [ '4.1.18' ],
26 silly audit   '@tailwindcss/oxide-darwin-x64': [ '4.1.18' ],
26 silly audit   '@tailwindcss/oxide-freebsd-x64': [ '4.1.18' ],
26 silly audit   '@tailwindcss/oxide-linux-arm-gnueabihf': [ '4.1.18' ],
26 silly audit   '@tailwindcss/oxide-linux-arm64-gnu': [ '4.1.18' ],
26 silly audit   '@tailwindcss/oxide-linux-arm64-musl': [ '4.1.18' ],
26 silly audit   '@tailwindcss/oxide-linux-x64-gnu': [ '4.1.18' ],
26 silly audit   '@tailwindcss/oxide-linux-x64-musl': [ '4.1.18' ],
26 silly audit   '@tailwindcss/oxide-wasm32-wasi': [ '4.1.18' ],
26 silly audit   '@tailwindcss/oxide-win32-arm64-msvc': [ '4.1.18' ],
26 silly audit   '@tailwindcss/oxide-win32-x64-msvc': [ '4.1.18' ],
26 silly audit   '@tailwindcss/postcss': [ '4.1.18' ],
26 silly audit   '@tanstack/query-core': [ '5.90.12' ],
26 silly audit   '@tanstack/query-devtools': [ '5.91.1' ],
26 silly audit   '@tanstack/react-query': [ '5.90.12' ],
26 silly audit   '@tanstack/react-query-devtools': [ '5.91.1' ],
26 silly audit   '@tybys/wasm-util': [ '0.10.1' ],
26 silly audit   '@types/connect': [ '3.4.38' ],
26 silly audit   '@types/d3-array': [ '3.2.2' ],
26 silly audit   '@types/d3-color': [ '3.1.3' ],
26 silly audit   '@types/d3-ease': [ '3.0.2' ],
26 silly audit   '@types/d3-interpolate': [ '3.0.4' ],
26 silly audit   '@types/d3-path': [ '3.1.1' ],
26 silly audit   '@types/d3-scale': [ '4.0.9' ],
26 silly audit   '@types/d3-shape': [ '3.1.8' ],
26 silly audit   '@types/d3-time': [ '3.0.4' ],
26 silly audit   '@types/d3-timer': [ '3.0.2' ],
26 silly audit   '@types/eslint': [ '9.6.1' ],
26 silly audit   '@types/eslint-scope': [ '3.7.7' ],
26 silly audit   '@types/estree': [ '1.0.8' ],
26 silly audit   '@types/json-schema': [ '7.0.15' ],
26 silly audit   '@types/json5': [ '0.0.29' ],
26 silly audit   '@types/mysql': [ '2.15.27' ],
26 silly audit   '@types/node': [ '20.19.27' ],
26 silly audit   '@types/pg': [ '8.15.6' ],
26 silly audit   '@types/pg-pool': [ '2.0.6' ],
26 silly audit   '@types/react': [ '19.2.7' ],
26 silly audit   '@types/react-dom': [ '19.2.3' ],
26 silly audit   '@types/tedious': [ '4.0.14' ],
26 silly audit   '@types/use-sync-external-store': [ '0.0.6' ],
26 silly audit   '@types/uuid': [ '10.0.0' ],
26 silly audit   '@typescript-eslint/eslint-plugin': [ '8.50.1' ],
26 silly audit   ignore: [ '7.0.5', '5.3.2' ],
26 silly audit   '@typescript-eslint/parser': [ '8.50.1' ],
26 silly audit   '@typescript-eslint/project-service': [ '8.50.1' ],
26 silly audit   '@typescript-eslint/scope-manager': [ '8.50.1' ],
26 silly audit   '@typescript-eslint/tsconfig-utils': [ '8.50.1' ],
26 silly audit   '@typescript-eslint/type-utils': [ '8.50.1' ],
26 silly audit   '@typescript-eslint/types': [ '8.50.1' ],
26 silly audit   '@typescript-eslint/typescript-estree': [ '8.50.1' ],
26 silly audit   semver: [ '7.7.3', '6.3.1' ],
26 silly audit   '@typescript-eslint/utils': [ '8.50.1' ],
26 silly audit   '@typescript-eslint/visitor-keys': [ '8.50.1' ],
26 silly audit   '@unrs/resolver-binding-android-arm-eabi': [ '1.11.1' ],
26 silly audit   '@unrs/resolver-binding-android-arm64': [ '1.11.1' ],
26 silly audit   '@unrs/resolver-binding-darwin-arm64': [ '1.11.1' ],
26 silly audit   '@unrs/resolver-binding-darwin-x64': [ '1.11.1' ],
26 silly audit   '@unrs/resolver-binding-freebsd-x64': [ '1.11.1' ],
26 silly audit   '@unrs/resolver-binding-linux-arm-gnueabihf': [ '1.11.1' ],
26 silly audit   '@unrs/resolver-binding-linux-arm-musleabihf': [ '1.11.1' ],
26 silly audit   '@unrs/resolver-binding-linux-arm64-gnu': [ '1.11.1' ],
26 silly audit   '@unrs/resolver-binding-linux-arm64-musl': [ '1.11.1' ],
26 silly audit   '@unrs/resolver-binding-linux-ppc64-gnu': [ '1.11.1' ],
26 silly audit   '@unrs/resolver-binding-linux-riscv64-gnu': [ '1.11.1' ],
26 silly audit   '@unrs/resolver-binding-linux-riscv64-musl': [ '1.11.1' ],
26 silly audit   '@unrs/resolver-binding-linux-s390x-gnu': [ '1.11.1' ],
26 silly audit   '@unrs/resolver-binding-linux-x64-gnu': [ '1.11.1' ],
26 silly audit   '@unrs/resolver-binding-linux-x64-musl': [ '1.11.1' ],
26 silly audit   '@unrs/resolver-binding-wasm32-wasi': [ '1.11.1' ],
26 silly audit   '@unrs/resolver-binding-win32-arm64-msvc': [ '1.11.1' ],
26 silly audit   '@unrs/resolver-binding-win32-ia32-msvc': [ '1.11.1' ],
26 silly audit   '@unrs/resolver-binding-win32-x64-msvc': [ '1.11.1' ],
26 silly audit   '@webassemblyjs/ast': [ '1.14.1' ],
26 silly audit   '@webassemblyjs/floating-point-hex-parser': [ '1.13.2' ],
26 silly audit   '@webassemblyjs/helper-api-error': [ '1.13.2' ],
26 silly audit   '@webassemblyjs/helper-buffer': [ '1.14.1' ],
26 silly audit   '@webassemblyjs/helper-numbers': [ '1.13.2' ],
26 silly audit   '@webassemblyjs/helper-wasm-bytecode': [ '1.13.2' ],
26 silly audit   '@webassemblyjs/helper-wasm-section': [ '1.14.1' ],
26 silly audit   '@webassemblyjs/ieee754': [ '1.13.2' ],
26 silly audit   '@webassemblyjs/leb128': [ '1.13.2' ],
26 silly audit   '@webassemblyjs/utf8': [ '1.13.2' ],
26 silly audit   '@webassemblyjs/wasm-edit': [ '1.14.1' ],
26 silly audit   '@webassemblyjs/wasm-gen': [ '1.14.1' ],
26 silly audit   '@webassemblyjs/wasm-opt': [ '1.14.1' ],
26 silly audit   '@webassemblyjs/wasm-parser': [ '1.14.1' ],
26 silly audit   '@webassemblyjs/wast-printer': [ '1.14.1' ],
26 silly audit   '@xtuc/ieee754': [ '1.2.0' ],
26 silly audit   '@xtuc/long': [ '4.2.2' ],
26 silly audit   acorn: [ '8.15.0' ],
26 silly audit   'acorn-import-attributes': [ '1.9.5' ],
26 silly audit   'acorn-import-phases': [ '1.0.4' ],
26 silly audit   'acorn-jsx': [ '5.3.2' ],
26 silly audit   'agent-base': [ '6.0.2' ],
26 silly audit   ajv: [ '6.12.6', '8.17.1' ],
26 silly audit   'ajv-formats': [ '2.1.1' ],
26 silly audit   'json-schema-traverse': [ '1.0.0', '0.4.1' ],
26 silly audit   anymatch: [ '3.1.3' ],
26 silly audit   argparse: [ '2.0.1' ],
26 silly audit   'aria-hidden': [ '1.2.6' ],
26 silly audit   'aria-query': [ '5.3.2' ],
26 silly audit   'array-buffer-byte-length': [ '1.0.2' ],
26 silly audit   'array-includes': [ '3.1.9' ],
26 silly audit   'array.prototype.findlast': [ '1.2.5' ],
26 silly audit   'array.prototype.findlastindex': [ '1.2.6' ],
26 silly audit   'array.prototype.flat': [ '1.3.3' ],
26 silly audit   'array.prototype.flatmap': [ '1.3.3' ],
26 silly audit   'array.prototype.tosorted': [ '1.1.4' ],
26 silly audit   'arraybuffer.prototype.slice': [ '1.0.4' ],
26 silly audit   'ast-types-flow': [ '0.0.8' ],
26 silly audit   'async-function': [ '1.0.0' ],
26 silly audit   'available-typed-arrays': [ '1.0.7' ],
26 silly audit   'axe-core': [ '4.11.0' ],
26 silly audit   'axobject-query': [ '4.1.0' ],
26 silly audit   'balanced-match': [ '1.0.2' ],
26 silly audit   'baseline-browser-mapping': [ '2.9.11' ],
26 silly audit   'binary-extensions': [ '2.3.0' ],
26 silly audit   braces: [ '3.0.3' ],
26 silly audit   browserslist: [ '4.28.1' ],
26 silly audit   'buffer-from': [ '1.1.2' ],
26 silly audit   'call-bind': [ '1.0.8' ],
26 silly audit   'call-bind-apply-helpers': [ '1.0.2' ],
26 silly audit   'call-bound': [ '1.0.4' ],
26 silly audit   callsites: [ '3.1.0' ],
26 silly audit   camelcase: [ '6.3.0' ],
26 silly audit   'caniuse-lite': [ '1.0.30001761' ],
26 silly audit   chalk: [ '4.1.2' ],
26 silly audit   chokidar: [ '3.6.0' ],
26 silly audit   'glob-parent': [ '5.1.2', '6.0.2' ],
26 silly audit   'chrome-trace-event': [ '1.0.4' ],
26 silly audit   'cjs-module-lexer': [ '1.4.3' ],
26 silly audit   'class-variance-authority': [ '0.7.1' ],
26 silly audit   'client-only': [ '0.0.1' ],
26 silly audit   cliui: [ '8.0.1' ],
26 silly audit   clsx: [ '2.1.1' ],
26 silly audit   cmdk: [ '1.1.1' ],
26 silly audit   'color-convert': [ '2.0.1' ],
26 silly audit   'color-name': [ '1.1.4' ],
26 silly audit   commander: [ '2.20.3', '14.0.2' ],
26 silly audit   commondir: [ '1.0.1' ],
26 silly audit   'concat-map': [ '0.0.1' ],
26 silly audit   'convert-source-map': [ '2.0.0' ],
26 silly audit   'cross-spawn': [ '7.0.6' ],
26 silly audit   csstype: [ '3.2.3' ],
26 silly audit   'd3-array': [ '3.2.4' ],
26 silly audit   'd3-color': [ '3.1.0' ],
26 silly audit   'd3-ease': [ '3.0.1' ],
26 silly audit   'd3-format': [ '3.1.1' ],
26 silly audit   'd3-interpolate': [ '3.0.1' ],
26 silly audit   'd3-path': [ '3.1.0' ],
26 silly audit   'd3-scale': [ '4.0.2' ],
26 silly audit   'd3-shape': [ '3.2.0' ],
26 silly audit   'd3-time': [ '3.1.0' ],
26 silly audit   'd3-time-format': [ '4.1.0' ],
26 silly audit   'd3-timer': [ '3.0.1' ],
26 silly audit   'damerau-levenshtein': [ '1.0.8' ],
26 silly audit   'data-view-buffer': [ '1.0.2' ],
26 silly audit   'data-view-byte-length': [ '1.0.2' ],
26 silly audit   'data-view-byte-offset': [ '1.0.1' ],
26 silly audit   'date-fns': [ '4.1.0' ],
26 silly audit   debug: [ '4.4.3', '3.2.7' ],
26 silly audit   'decimal.js-light': [ '2.5.1' ],
26 silly audit   'deep-is': [ '0.1.4' ],
26 silly audit   'define-data-property': [ '1.1.4' ],
26 silly audit   'define-properties': [ '1.2.1' ],
26 silly audit   dequal: [ '2.0.3' ],
26 silly audit   'detect-libc': [ '2.1.2' ],
26 silly audit   'detect-node-es': [ '1.1.0' ],
26 silly audit   doctrine: [ '2.1.0' ],
26 silly audit   dotenv: [ '16.6.1' ],
26 silly audit   'dunder-proto': [ '1.0.1' ],
26 silly audit   eastasianwidth: [ '0.2.0' ],
26 silly audit   'electron-to-chromium': [ '1.5.267' ],
26 silly audit   'emoji-regex': [ '9.2.2', '8.0.0' ],
26 silly audit   'enhanced-resolve': [ '5.18.4' ],
26 silly audit   'es-abstract': [ '1.24.1' ],
26 silly audit   'es-define-property': [ '1.0.1' ],
26 silly audit   'es-errors': [ '1.3.0' ],
26 silly audit   'es-iterator-helpers': [ '1.2.2' ],
26 silly audit   'es-module-lexer': [ '2.0.0' ],
26 silly audit   'es-object-atoms': [ '1.1.1' ],
26 silly audit   'es-set-tostringtag': [ '2.1.0' ],
26 silly audit   'es-shim-unscopables': [ '1.1.0' ],
26 silly audit   'es-to-primitive': [ '1.3.0' ],
26 silly audit   'es-toolkit': [ '1.43.0' ],
26 silly audit   escalade: [ '3.2.0' ],
26 silly audit   'escape-string-regexp': [ '4.0.0' ],
26 silly audit   eslint: [ '9.39.2' ],
26 silly audit   'eslint-config-next': [ '16.1.1' ],
26 silly audit   globals: [ '16.4.0', '14.0.0' ],
26 silly audit   'eslint-import-resolver-node': [ '0.3.9' ],
26 silly audit   'eslint-import-resolver-typescript': [ '3.10.1' ],
26 silly audit   'eslint-module-utils': [ '2.12.1' ],
26 silly audit   'eslint-plugin-import': [ '2.32.0' ],
26 silly audit   'eslint-plugin-jsx-a11y': [ '6.10.2' ],
26 silly audit   'eslint-plugin-react': [ '7.37.5' ],
26 silly audit   'eslint-plugin-react-hooks': [ '7.0.1' ],
26 silly audit   'eslint-scope': [ '8.4.0', '5.1.1' ],
26 silly audit   espree: [ '10.4.0' ],
26 silly audit   esquery: [ '1.6.0' ],
26 silly audit   esrecurse: [ '4.3.0' ],
26 silly audit   estraverse: [ '5.3.0', '4.3.0' ],
26 silly audit   'estree-walker': [ '2.0.2' ],
26 silly audit   esutils: [ '2.0.3' ],
26 silly audit   eventemitter3: [ '5.0.1' ],
26 silly audit   events: [ '3.3.0' ],
26 silly audit   'fast-deep-equal': [ '3.1.3' ],
26 silly audit   'fast-glob': [ '3.3.1' ],
26 silly audit   'fast-json-stable-stringify': [ '2.1.0' ],
26 silly audit   'fast-levenshtein': [ '2.0.6' ],
26 silly audit   'fast-uri': [ '3.1.0' ],
26 silly audit   fastq: [ '1.20.1' ],
26 silly audit   'faye-websocket': [ '0.11.4' ],
26 silly audit   'file-entry-cache': [ '8.0.0' ],
26 silly audit   'fill-range': [ '7.1.1' ],
26 silly audit   'find-up': [ '5.0.0' ],
26 silly audit   firebase: [ '12.7.0' ],
26 silly audit   'flat-cache': [ '4.0.1' ],
26 silly audit   flatted: [ '3.3.3' ],
26 silly audit   'for-each': [ '0.3.5' ],
26 silly audit   'foreground-child': [ '3.3.1' ],
26 silly audit   'forwarded-parse': [ '2.1.2' ],
26 silly audit   'framer-motion': [ '12.23.26' ],
26 silly audit   'fs-extra': [ '11.3.3' ],
26 silly audit   fsevents: [ '2.3.3' ],
26 silly audit   'function-bind': [ '1.1.2' ],
26 silly audit   'function.prototype.name': [ '1.1.8' ],
26 silly audit   'functions-have-names': [ '1.2.3' ],
26 silly audit   'generator-function': [ '2.0.1' ],
26 silly audit   gensync: [ '1.0.0-beta.2' ],
26 silly audit   'get-caller-file': [ '2.0.5' ],
26 silly audit   'get-intrinsic': [ '1.3.0' ],
26 silly audit   'get-nonce': [ '1.0.1' ],
26 silly audit   'get-proto': [ '1.0.1' ],
26 silly audit   'get-symbol-description': [ '1.1.0' ],
26 silly audit   'get-tsconfig': [ '4.13.0' ],
26 silly audit   glob: [ '10.5.0' ],
26 silly audit   'glob-to-regexp': [ '0.4.1' ],
26 silly audit   globalthis: [ '1.0.4' ],
26 silly audit   gopd: [ '1.2.0' ],
26 silly audit   'graceful-fs': [ '4.2.11' ],
26 silly audit   handlebars: [ '4.7.8' ],
26 silly audit   'has-bigints': [ '1.1.0' ],
26 silly audit   'has-flag': [ '4.0.0' ],
26 silly audit   'has-property-descriptors': [ '1.0.2' ],
26 silly audit   'has-proto': [ '1.2.0' ],
26 silly audit   'has-symbols': [ '1.1.0' ],
26 silly audit   'has-tostringtag': [ '1.0.2' ],
26 silly audit   hasown: [ '2.0.2' ],
26 silly audit   'hermes-estree': [ '0.25.1' ],
26 silly audit   'hermes-parser': [ '0.25.1' ],
26 silly audit   'hoist-non-react-statics': [ '3.3.2' ],
26 silly audit   'http-parser-js': [ '0.5.10' ],
26 silly audit   'https-proxy-agent': [ '5.0.1' ],
26 silly audit   idb: [ '7.1.1' ],
26 silly audit   'import-fresh': [ '3.3.1' ],
26 silly audit   'import-in-the-middle': [ '2.0.1' ],
26 silly audit   imurmurhash: [ '0.1.4' ],
26 silly audit   'internal-slot': [ '1.1.0' ],
26 silly audit   internmap: [ '2.0.3' ],
26 silly audit   'is-array-buffer': [ '3.0.5' ],
26 silly audit   'is-async-function': [ '2.1.1' ],
26 silly audit   'is-bigint': [ '1.1.0' ],
26 silly audit   'is-binary-path': [ '2.1.0' ],
26 silly audit   'is-boolean-object': [ '1.2.2' ],
26 silly audit   'is-bun-module': [ '2.0.0' ],
26 silly audit   'is-callable': [ '1.2.7' ],
26 silly audit   'is-core-module': [ '2.16.1' ],
26 silly audit   'is-data-view': [ '1.0.2' ],
26 silly audit   'is-date-object': [ '1.1.0' ],
26 silly audit   'is-extglob': [ '2.1.1' ],
26 silly audit   'is-finalizationregistry': [ '1.1.1' ],
26 silly audit   'is-fullwidth-code-point': [ '3.0.0' ],
26 silly audit   'is-generator-function': [ '1.1.2' ],
26 silly audit   'is-glob': [ '4.0.3' ],
26 silly audit   'is-map': [ '2.0.3' ],
26 silly audit   'is-negative-zero': [ '2.0.3' ],
26 silly audit   'is-number': [ '7.0.0' ],
26 silly audit   'is-number-object': [ '1.1.1' ],
26 silly audit   'is-reference': [ '1.2.1' ],
26 silly audit   'is-regex': [ '1.2.1' ],
26 silly audit   'is-set': [ '2.0.3' ],
26 silly audit   'is-shared-array-buffer': [ '1.0.4' ],
26 silly audit   'is-string': [ '1.1.1' ],
26 silly audit   'is-symbol': [ '1.1.1' ],
26 silly audit   'is-typed-array': [ '1.1.15' ],
26 silly audit   'is-weakmap': [ '2.0.2' ],
26 silly audit   'is-weakref': [ '1.1.1' ],
26 silly audit   'is-weakset': [ '2.0.4' ],
26 silly audit   isarray: [ '2.0.5' ],
26 silly audit   isexe: [ '2.0.0' ],
26 silly audit   'iterator.prototype': [ '1.1.5' ],
26 silly audit   jackspeak: [ '3.4.3' ],
26 silly audit   'jest-worker': [ '27.5.1' ],
26 silly audit   'supports-color': [ '8.1.1', '7.2.0' ],
26 silly audit   jiti: [ '2.6.1' ],
26 silly audit   'js-tokens': [ '4.0.0' ],
26 silly audit   'js-yaml': [ '4.1.1' ],
26 silly audit   jsesc: [ '3.1.0' ],
26 silly audit   'json-buffer': [ '3.0.1' ],
26 silly audit   'json-parse-even-better-errors': [ '2.3.1' ],
26 silly audit   'json-stable-stringify-without-jsonify': [ '1.0.1' ],
26 silly audit   json5: [ '2.2.3', '1.0.2' ],
26 silly audit   jsonfile: [ '6.2.0' ],
26 silly audit   'jsx-ast-utils': [ '3.3.5' ],
26 silly audit   keyv: [ '4.5.4' ],
26 silly audit   'language-subtag-registry': [ '0.3.23' ],
26 silly audit   'language-tags': [ '1.0.9' ],
26 silly audit   levn: [ '0.4.1' ],
26 silly audit   lightningcss: [ '1.30.2' ],
26 silly audit   'lightningcss-android-arm64': [ '1.30.2' ],
26 silly audit   'lightningcss-darwin-arm64': [ '1.30.2' ],
26 silly audit   'lightningcss-darwin-x64': [ '1.30.2' ],
26 silly audit   'lightningcss-freebsd-x64': [ '1.30.2' ],
26 silly audit   'lightningcss-linux-arm-gnueabihf': [ '1.30.2' ],
26 silly audit   'lightningcss-linux-arm64-gnu': [ '1.30.2' ],
26 silly audit   'lightningcss-linux-arm64-musl': [ '1.30.2' ],
26 silly audit   'lightningcss-linux-x64-gnu': [ '1.30.2' ],
26 silly audit   'lightningcss-linux-x64-musl': [ '1.30.2' ],
26 silly audit   'lightningcss-win32-arm64-msvc': [ '1.30.2' ],
26 silly audit   'lightningcss-win32-x64-msvc': [ '1.30.2' ],
26 silly audit   'loader-runner': [ '4.3.1' ],
26 silly audit   'locate-path': [ '6.0.0' ],
26 silly audit   'lodash.camelcase': [ '4.3.0' ],
26 silly audit   'lodash.merge': [ '4.6.2' ],
26 silly audit   long: [ '5.3.2' ],
26 silly audit   'loose-envify': [ '1.4.0' ],
26 silly audit   'lottie-react': [ '2.4.1' ],
26 silly audit   'lottie-web': [ '5.13.0' ],
26 silly audit   'lru-cache': [ '5.1.1', '10.4.3' ],
26 silly audit   'lucide-react': [ '0.562.0' ],
26 silly audit   'math-intrinsics': [ '1.1.0' ],
26 silly audit   'merge-stream': [ '2.0.0' ],
26 silly audit   merge2: [ '1.4.1' ],
26 silly audit   micromatch: [ '4.0.8' ],
26 silly audit   'mime-db': [ '1.52.0' ],
26 silly audit   'mime-types': [ '2.1.35' ],
26 silly audit   minimist: [ '1.2.8' ],
26 silly audit   minipass: [ '7.1.2' ],
26 silly audit   'module-details-from-path': [ '1.0.4' ],
26 silly audit   'motion-dom': [ '12.23.23' ],
26 silly audit   'motion-utils': [ '12.23.6' ],
26 silly audit   ms: [ '2.1.3' ],
26 silly audit   nanoid: [ '3.3.11' ],
26 silly audit   'napi-postinstall': [ '0.3.4' ],
26 silly audit   'natural-compare': [ '1.4.0' ],
26 silly audit   'neo-async': [ '2.6.2' ],
26 silly audit   next: [ '16.1.1' ],
26 silly audit   'next-themes': [ '0.4.6' ],
26 silly audit   postcss: [ '8.4.31', '8.5.6' ],
26 silly audit   'node-fetch': [ '2.7.0' ],
26 silly audit   'node-releases': [ '2.0.27' ],
26 silly audit   'normalize-path': [ '3.0.0' ],
26 silly audit   'object-assign': [ '4.1.1' ],
26 silly audit   'object-inspect': [ '1.13.4' ],
26 silly audit   'object-keys': [ '1.1.1' ],
26 silly audit   'object.assign': [ '4.1.7' ],
26 silly audit   'object.entries': [ '1.1.9' ],
26 silly audit   'object.fromentries': [ '2.0.8' ],
26 silly audit   'object.groupby': [ '1.0.3' ],
26 silly audit   'object.values': [ '1.2.1' ],
26 silly audit   'openapi-typescript-codegen': [ '0.30.0' ],
26 silly audit   optionator: [ '0.9.4' ],
26 silly audit   'own-keys': [ '1.0.1' ],
26 silly audit   'p-limit': [ '3.1.0' ],
26 silly audit   'p-locate': [ '5.0.0' ],
26 silly audit   'package-json-from-dist': [ '1.0.1' ],
26 silly audit   'parent-module': [ '1.0.1' ],
26 silly audit   'path-exists': [ '4.0.0' ],
26 silly audit   'path-key': [ '3.1.1' ],
26 silly audit   'path-parse': [ '1.0.7' ],
26 silly audit   'path-scurry': [ '1.11.1' ],
26 silly audit   'pg-int8': [ '1.0.1' ],
26 silly audit   'pg-protocol': [ '1.10.3' ],
26 silly audit   'pg-types': [ '2.2.0' ],
26 silly audit   picocolors: [ '1.1.1' ],
26 silly audit   'possible-typed-array-names': [ '1.1.0' ],
26 silly audit   'postgres-array': [ '2.0.0' ],
26 silly audit   'postgres-bytea': [ '1.0.1' ],
26 silly audit   'postgres-date': [ '1.0.7' ],
26 silly audit   'postgres-interval': [ '1.2.0' ],
26 silly audit   'prelude-ls': [ '1.2.1' ],
26 silly audit   progress: [ '2.0.3' ],
26 silly audit   'prop-types': [ '15.8.1' ],
26 silly audit   protobufjs: [ '7.5.4' ],
26 silly audit   'proxy-from-env': [ '1.1.0' ],
26 silly audit   punycode: [ '2.3.1' ],
26 silly audit   'queue-microtask': [ '1.2.3' ],
26 silly audit   randombytes: [ '2.1.0' ],
26 silly audit   react: [ '19.2.3' ],
26 silly audit   'react-dom': [ '19.2.3' ],
26 silly audit   'react-is': [ '16.13.1' ],
26 silly audit   'react-redux': [ '9.2.0' ],
26 silly audit   'react-remove-scroll': [ '2.7.2' ],
26 silly audit   'react-remove-scroll-bar': [ '2.3.8' ],
26 silly audit   'react-style-singleton': [ '2.2.3' ],
26 silly audit   readdirp: [ '3.6.0' ],
26 silly audit   recharts: [ '3.6.0' ],
26 silly audit   redux: [ '5.0.1' ],
26 silly audit   'redux-thunk': [ '3.1.0' ],
26 silly audit   'reflect.getprototypeof': [ '1.0.10' ],
26 silly audit   'regexp.prototype.flags': [ '1.5.4' ],
26 silly audit   'require-directory': [ '2.1.1' ],
26 silly audit   'require-from-string': [ '2.0.2' ],
26 silly audit   'require-in-the-middle': [ '8.0.1' ],
26 silly audit   reselect: [ '5.1.1' ],
26 silly audit   'resolve-from': [ '4.0.0' ],
26 silly audit   'resolve-pkg-maps': [ '1.0.0' ],
26 silly audit   reusify: [ '1.1.0' ],
26 silly audit   rollup: [ '4.54.0' ],
26 silly audit   'run-parallel': [ '1.2.0' ],
26 silly audit   'safe-array-concat': [ '1.1.3' ],
26 silly audit   'safe-buffer': [ '5.2.1' ],
26 silly audit   'safe-push-apply': [ '1.0.0' ],
26 silly audit   'safe-regex-test': [ '1.1.0' ],
26 silly audit   scheduler: [ '0.27.0' ],
26 silly audit   'schema-utils': [ '4.3.3' ],
26 silly audit   'ajv-keywords': [ '5.1.0' ],
26 silly audit   'serialize-javascript': [ '6.0.2' ],
26 silly audit   'set-function-length': [ '1.2.2' ],
26 silly audit   'set-function-name': [ '2.0.2' ],
26 silly audit   'set-proto': [ '1.0.0' ],
26 silly audit   sharp: [ '0.34.5' ],
26 silly audit   'shebang-command': [ '2.0.0' ],
26 silly audit   'shebang-regex': [ '3.0.0' ],
26 silly audit   'side-channel': [ '1.1.0' ],
26 silly audit   'side-channel-list': [ '1.0.0' ],
26 silly audit   'side-channel-map': [ '1.0.1' ],
26 silly audit   'side-channel-weakmap': [ '1.0.2' ],
26 silly audit   'signal-exit': [ '4.1.0' ],
26 silly audit   sonner: [ '2.0.7' ],
26 silly audit   'source-map': [ '0.6.1' ],
26 silly audit   'source-map-js': [ '1.2.1' ],
26 silly audit   'source-map-support': [ '0.5.21' ],
26 silly audit   'stable-hash': [ '0.0.5' ],
26 silly audit   'stacktrace-parser': [ '0.1.11' ],
26 silly audit   'stop-iteration-iterator': [ '1.1.0' ],
26 silly audit   'string.prototype.includes': [ '2.0.1' ],
26 silly audit   'string.prototype.matchall': [ '4.0.12' ],
26 silly audit   'string.prototype.repeat': [ '1.0.0' ],
26 silly audit   'string.prototype.trim': [ '1.2.10' ],
26 silly audit   'string.prototype.trimend': [ '1.0.9' ],
26 silly audit   'string.prototype.trimstart': [ '1.0.8' ],
26 silly audit   'strip-bom': [ '3.0.0' ],
26 silly audit   'strip-json-comments': [ '3.1.1' ],
26 silly audit   'styled-jsx': [ '5.1.6' ],
26 silly audit   'supports-preserve-symlinks-flag': [ '1.0.0' ],
26 silly audit   swr: [ '2.3.8' ],
26 silly audit   'tailwind-merge': [ '3.4.0' ],
26 silly audit   tailwindcss: [ '4.1.18' ],
26 silly audit   tapable: [ '2.3.0' ],
26 silly audit   terser: [ '5.44.1' ],
26 silly audit   'terser-webpack-plugin': [ '5.3.16' ],
26 silly audit   'tiny-invariant': [ '1.3.3' ],
26 silly audit   tinyglobby: [ '0.2.15' ],
26 silly audit   'to-regex-range': [ '5.0.1' ],
26 silly audit   tr46: [ '0.0.3' ],
26 silly audit   'ts-api-utils': [ '2.1.0' ],
26 silly audit   'tsconfig-paths': [ '3.15.0' ],
26 silly audit   tslib: [ '2.8.1' ],
26 silly audit   'type-check': [ '0.4.0' ],
26 silly audit   'type-fest': [ '0.7.1' ],
26 silly audit   'typed-array-buffer': [ '1.0.3' ],
26 silly audit   'typed-array-byte-length': [ '1.0.3' ],
26 silly audit   'typed-array-byte-offset': [ '1.0.4' ],
26 silly audit   'typed-array-length': [ '1.0.7' ],
26 silly audit   typescript: [ '5.9.3' ],
26 silly audit   'typescript-eslint': [ '8.50.1' ],
26 silly audit   'uglify-js': [ '3.19.3' ],
26 silly audit   'unbox-primitive': [ '1.1.0' ],
26 silly audit   'undici-types': [ '6.21.0' ],
26 silly audit   universalify: [ '2.0.1' ],
26 silly audit   unplugin: [ '1.0.1' ],
26 silly audit   'unrs-resolver': [ '1.11.1' ],
26 silly audit   'update-browserslist-db': [ '1.2.3' ],
26 silly audit   'uri-js': [ '4.4.1' ],
26 silly audit   'use-callback-ref': [ '1.3.3' ],
26 silly audit   'use-sidecar': [ '1.1.3' ],
26 silly audit   'use-sync-external-store': [ '1.6.0' ],
26 silly audit   uuid: [ '9.0.1' ],
26 silly audit   'victory-vendor': [ '37.3.6' ],
26 silly audit   watchpack: [ '2.5.0' ],
26 silly audit   'web-vitals': [ '4.2.4' ],
26 silly audit   'webidl-conversions': [ '3.0.1' ],
26 silly audit   webpack: [ '5.104.1' ],
26 silly audit   'webpack-sources': [ '3.3.3' ],
26 silly audit   'webpack-virtual-modules': [ '0.5.0' ],
26 silly audit   'websocket-driver': [ '0.7.4' ],
26 silly audit   'websocket-extensions': [ '0.1.4' ],
26 silly audit   'whatwg-url': [ '5.0.0' ],
26 silly audit   which: [ '2.0.2' ],
26 silly audit   'which-boxed-primitive': [ '1.1.1' ],
26 silly audit   'which-builtin-type': [ '1.2.1' ],
26 silly audit   'which-collection': [ '1.0.2' ],
26 silly audit   'which-typed-array': [ '1.1.19' ],
26 silly audit   'word-wrap': [ '1.2.5' ],
26 silly audit   wordwrap: [ '1.0.0' ],
26 silly audit   xtend: [ '4.0.2' ],
26 silly audit   y18n: [ '5.0.8' ],
26 silly audit   yallist: [ '3.1.1' ],
26 silly audit   yargs: [ '17.7.2' ],
26 silly audit   'yargs-parser': [ '21.1.1' ],
26 silly audit   'yocto-queue': [ '0.1.0' ],
26 silly audit   zod: [ '4.2.1' ],
26 silly audit   'zod-validation-error': [ '4.0.2' ],
26 silly audit   '@types/papaparse': [ '5.5.2' ],
26 silly audit   papaparse: [ '5.5.3' ]
26 silly audit }
27 http cache @types/papaparse@https://registry.npmjs.org/@types/papaparse/-/papaparse-5.5.2.tgz 0ms (cache hit)
28 silly tarball no local data for @types/papaparse@https://registry.npmjs.org/@types/papaparse/-/papaparse-5.5.2.tgz. Extracting by manifest.
29 http fetch POST 200 https://registry.npmjs.org/-/npm/v1/security/advisories/bulk 311ms
30 silly audit report {
30 silly audit report   next: [
30 silly audit report     {
30 silly audit report       id: 1112592,
30 silly audit report       url: 'https://github.com/advisories/GHSA-9g9p-9gw9-jx7f',
30 silly audit report       title: 'Next.js self-hosted applications vulnerable to DoS via Image Optimizer remotePatterns configuration',
30 silly audit report       severity: 'moderate',
30 silly audit report       vulnerable_versions: '>=15.6.0-canary.0 <16.1.5',
30 silly audit report       cwe: [Array],
30 silly audit report       cvss: [Object]
30 silly audit report     },
30 silly audit report     {
30 silly audit report       id: 1112637,
30 silly audit report       url: 'https://github.com/advisories/GHSA-5f7q-jpqc-wp7h',
30 silly audit report       title: 'Next.js has Unbounded Memory Consumption via PPR Resume Endpoint ',
30 silly audit report       severity: 'moderate',
30 silly audit report       vulnerable_versions: '>=16.0.0-beta.0 <16.1.5',
30 silly audit report       cwe: [Array],
30 silly audit report       cvss: [Object]
30 silly audit report     },
30 silly audit report     {
30 silly audit report       id: 1112645,
30 silly audit report       url: 'https://github.com/advisories/GHSA-h25m-26qc-wcjf',
30 silly audit report       title: 'Next.js HTTP request deserialization can lead to DoS when using insecure React Server Components',
30 silly audit report       severity: 'high',
30 silly audit report       vulnerable_versions: '>=16.1.0-canary.0 <16.1.5',
30 silly audit report       cwe: [Array],
30 silly audit report       cvss: [Object]
30 silly audit report     }
30 silly audit report   ]
30 silly audit report }
31 silly packumentCache corgi:https://registry.npmjs.org/next cache-miss
32 http fetch GET 200 https://registry.npmjs.org/@types/papaparse/-/papaparse-5.5.2.tgz 340ms (cache miss)
33 http fetch GET 200 https://registry.npmjs.org/next 640ms (cache miss)
34 silly packumentCache corgi:https://registry.npmjs.org/next set size:undefined disposed:false
35 silly packumentCache corgi:https://registry.npmjs.org/@sentry%2fnextjs cache-miss
36 http fetch GET 200 https://registry.npmjs.org/@sentry%2fnextjs 417ms (cache miss)
37 silly packumentCache corgi:https://registry.npmjs.org/@sentry%2fnextjs set size:undefined disposed:false
38 silly ADD node_modules/@types/papaparse
39 verbose cwd /Users/param/Documents/Unclutr/frontend
40 verbose os Darwin 25.2.0
41 verbose node v24.11.1
42 verbose npm  v11.6.4
43 notice
43 notice New [33mminor[39m version of npm available! [33m11.6.4[39m -> [34m11.8.0[39m
43 notice Changelog: [34mhttps://github.com/npm/cli/releases/tag/v11.8.0[39m
43 notice To update run: [4mnpm install -g npm@11.8.0[24m
43 notice  { force: true, Symbol(proc-log.meta): true }
44 verbose exit 0
45 info ok
