0 verbose cli /usr/local/bin/node /usr/local/bin/npm
1 info using npm@11.6.4
2 info using node@v24.11.1
3 silly config load:file:/usr/local/lib/node_modules/npm/npmrc
4 silly config load:file:/Users/param/Documents/Unclutr/frontend/.npmrc
5 silly config load:file:/Users/param/.npmrc
6 silly config load:file:/usr/local/etc/npmrc
7 verbose title npm install recharts
8 verbose argv "install" "recharts" "--cache" "./.npm-cache"
9 verbose logfile logs-max:10 dir:/Users/param/Documents/Unclutr/frontend/.npm-cache/_logs/2026-01-14T10_19_56_023Z-
10 verbose logfile /Users/param/Documents/Unclutr/frontend/.npm-cache/_logs/2026-01-14T10_19_56_023Z-debug-0.log
11 silly logfile done cleaning log files
12 silly packumentCache heap:4496293888 maxSize:1124073472 maxEntrySize:562036736
13 verbose shrinkwrap failed to load node_modules/.package-lock.json out of date, updated: node_modules
14 silly idealTree buildDeps
15 silly fetch manifest recharts@*
16 silly packumentCache full:https://registry.npmjs.org/recharts cache-miss
17 http fetch GET 200 https://registry.npmjs.org/npm 247ms
18 http fetch GET 200 https://registry.npmjs.org/recharts 158ms (cache miss)
19 silly packumentCache full:https://registry.npmjs.org/recharts set size:undefined disposed:false
20 silly fetch manifest react@19.2.3
21 silly packumentCache full:https://registry.npmjs.org/react cache-miss
22 http fetch GET 200 https://registry.npmjs.org/react 265ms (cache miss)
23 silly packumentCache full:https://registry.npmjs.org/react set size:undefined disposed:false
24 silly fetch manifest react-dom@19.2.3
25 silly packumentCache full:https://registry.npmjs.org/react-dom cache-miss
26 http fetch GET 200 https://registry.npmjs.org/react-dom 311ms (cache miss)
27 silly packumentCache full:https://registry.npmjs.org/react-dom set size:undefined disposed:false
28 silly fetch manifest react-is@^16.8.0 || ^17.0.0 || ^18.0.0 || ^19.0.0
29 silly packumentCache full:https://registry.npmjs.org/react-is cache-miss
